{"/Users/tamara-thanh/Desktop/insomnia-plugin-sync-gist-multiprovider/src/helpers/apiHelper.js": {"path":"/Users/tamara-thanh/Desktop/insomnia-plugin-sync-gist-multiprovider/src/helpers/apiHelper.js","statementMap":{"0":{"start":{"line":1,"column":14},"end":{"line":1,"column":30}},"1":{"start":{"line":5,"column":4},"end":{"line":9,"column":7}},"2":{"start":{"line":13,"column":4},"end":{"line":18,"column":5}},"3":{"start":{"line":14,"column":23},"end":{"line":14,"column":53}},"4":{"start":{"line":15,"column":6},"end":{"line":15,"column":27}},"5":{"start":{"line":17,"column":6},"end":{"line":17,"column":60}},"6":{"start":{"line":22,"column":4},"end":{"line":27,"column":5}},"7":{"start":{"line":23,"column":23},"end":{"line":23,"column":63}},"8":{"start":{"line":24,"column":6},"end":{"line":24,"column":27}},"9":{"start":{"line":26,"column":6},"end":{"line":26,"column":60}},"10":{"start":{"line":31,"column":4},"end":{"line":36,"column":5}},"11":{"start":{"line":32,"column":23},"end":{"line":32,"column":62}},"12":{"start":{"line":33,"column":6},"end":{"line":33,"column":27}},"13":{"start":{"line":35,"column":6},"end":{"line":35,"column":60}},"14":{"start":{"line":40,"column":4},"end":{"line":45,"column":5}},"15":{"start":{"line":41,"column":23},"end":{"line":41,"column":64}},"16":{"start":{"line":42,"column":6},"end":{"line":42,"column":27}},"17":{"start":{"line":44,"column":6},"end":{"line":44,"column":60}},"18":{"start":{"line":49,"column":0},"end":{"line":49,"column":28}}},"fnMap":{"0":{"name":"(anonymous_0)","decl":{"start":{"line":4,"column":2},"end":{"line":4,"column":3}},"loc":{"start":{"line":4,"column":22},"end":{"line":10,"column":3}},"line":4},"1":{"name":"(anonymous_1)","decl":{"start":{"line":12,"column":2},"end":{"line":12,"column":3}},"loc":{"start":{"line":12,"column":22},"end":{"line":19,"column":3}},"line":12},"2":{"name":"(anonymous_2)","decl":{"start":{"line":21,"column":2},"end":{"line":21,"column":3}},"loc":{"start":{"line":21,"column":32},"end":{"line":28,"column":3}},"line":21},"3":{"name":"(anonymous_3)","decl":{"start":{"line":30,"column":2},"end":{"line":30,"column":3}},"loc":{"start":{"line":30,"column":31},"end":{"line":37,"column":3}},"line":30},"4":{"name":"(anonymous_4)","decl":{"start":{"line":39,"column":2},"end":{"line":39,"column":3}},"loc":{"start":{"line":39,"column":33},"end":{"line":46,"column":3}},"line":39}},"branchMap":{},"s":{"0":1,"1":0,"2":0,"3":0,"4":0,"5":0,"6":0,"7":0,"8":0,"9":0,"10":0,"11":0,"12":0,"13":0,"14":0,"15":0,"16":0,"17":0,"18":1},"f":{"0":0,"1":0,"2":0,"3":0,"4":0},"b":{},"_coverageSchema":"1a1c01bbd47fc00a2c39e90264f33305004495a9","hash":"dc0c7fae7f100d893661a4c4d6d5cdb9a27e56d1"}
,"/Users/tamara-thanh/Desktop/insomnia-plugin-sync-gist-multiprovider/src/providers/gitlab.js": {"path":"/Users/tamara-thanh/Desktop/insomnia-plugin-sync-gist-multiprovider/src/providers/gitlab.js","statementMap":{"0":{"start":{"line":1,"column":19},"end":{"line":1,"column":50}},"1":{"start":{"line":5,"column":4},"end":{"line":5,"column":27}},"2":{"start":{"line":6,"column":4},"end":{"line":6,"column":28}},"3":{"start":{"line":7,"column":4},"end":{"line":7,"column":53}},"4":{"start":{"line":8,"column":4},"end":{"line":8,"column":43}},"5":{"start":{"line":12,"column":4},"end":{"line":16,"column":5}},"6":{"start":{"line":13,"column":6},"end":{"line":13,"column":86}},"7":{"start":{"line":15,"column":6},"end":{"line":15,"column":55}},"8":{"start":{"line":20,"column":21},"end":{"line":30,"column":5}},"9":{"start":{"line":33,"column":4},"end":{"line":33,"column":37}},"10":{"start":{"line":37,"column":15},"end":{"line":37,"column":67}},"11":{"start":{"line":38,"column":19},"end":{"line":38,"column":35}},"12":{"start":{"line":39,"column":4},"end":{"line":39,"column":32}},"13":{"start":{"line":40,"column":4},"end":{"line":40,"column":34}},"14":{"start":{"line":41,"column":4},"end":{"line":41,"column":63}},"15":{"start":{"line":45,"column":4},"end":{"line":50,"column":6}},"16":{"start":{"line":60,"column":4},"end":{"line":60,"column":21}},"17":{"start":{"line":62,"column":4},"end":{"line":62,"column":100}},"18":{"start":{"line":62,"column":67},"end":{"line":62,"column":100}},"19":{"start":{"line":63,"column":4},"end":{"line":63,"column":37}},"20":{"start":{"line":65,"column":4},"end":{"line":69,"column":5}},"21":{"start":{"line":66,"column":6},"end":{"line":66,"column":32}},"22":{"start":{"line":68,"column":6},"end":{"line":68,"column":41}},"23":{"start":{"line":71,"column":4},"end":{"line":75,"column":5}},"24":{"start":{"line":72,"column":6},"end":{"line":72,"column":49}},"25":{"start":{"line":74,"column":6},"end":{"line":74,"column":43}},"26":{"start":{"line":77,"column":4},"end":{"line":81,"column":5}},"27":{"start":{"line":78,"column":6},"end":{"line":78,"column":35}},"28":{"start":{"line":80,"column":6},"end":{"line":80,"column":47}},"29":{"start":{"line":83,"column":4},"end":{"line":87,"column":5}},"30":{"start":{"line":84,"column":6},"end":{"line":84,"column":41}},"31":{"start":{"line":86,"column":6},"end":{"line":86,"column":49}},"32":{"start":{"line":89,"column":4},"end":{"line":93,"column":5}},"33":{"start":{"line":90,"column":6},"end":{"line":90,"column":59}},"34":{"start":{"line":92,"column":6},"end":{"line":92,"column":93}},"35":{"start":{"line":95,"column":4},"end":{"line":99,"column":5}},"36":{"start":{"line":96,"column":6},"end":{"line":96,"column":33}},"37":{"start":{"line":98,"column":6},"end":{"line":98,"column":43}},"38":{"start":{"line":103,"column":0},"end":{"line":103,"column":24}}},"fnMap":{"0":{"name":"(anonymous_0)","decl":{"start":{"line":4,"column":2},"end":{"line":4,"column":3}},"loc":{"start":{"line":4,"column":31},"end":{"line":9,"column":3}},"line":4},"1":{"name":"(anonymous_1)","decl":{"start":{"line":11,"column":2},"end":{"line":11,"column":3}},"loc":{"start":{"line":11,"column":18},"end":{"line":17,"column":3}},"line":11},"2":{"name":"(anonymous_2)","decl":{"start":{"line":19,"column":2},"end":{"line":19,"column":3}},"loc":{"start":{"line":19,"column":28},"end":{"line":42,"column":3}},"line":19},"3":{"name":"(anonymous_3)","decl":{"start":{"line":44,"column":2},"end":{"line":44,"column":3}},"loc":{"start":{"line":44,"column":28},"end":{"line":51,"column":3}},"line":44},"4":{"name":"(anonymous_4)","decl":{"start":{"line":59,"column":2},"end":{"line":59,"column":3}},"loc":{"start":{"line":59,"column":21},"end":{"line":100,"column":3}},"line":59}},"branchMap":{"0":{"loc":{"start":{"line":62,"column":4},"end":{"line":62,"column":100}},"type":"if","locations":[{"start":{"line":62,"column":4},"end":{"line":62,"column":100}},{"start":{},"end":{}}],"line":62},"1":{"loc":{"start":{"line":62,"column":8},"end":{"line":62,"column":65}},"type":"binary-expr","locations":[{"start":{"line":62,"column":8},"end":{"line":62,"column":42}},{"start":{"line":62,"column":46},"end":{"line":62,"column":65}}],"line":62},"2":{"loc":{"start":{"line":65,"column":4},"end":{"line":69,"column":5}},"type":"if","locations":[{"start":{"line":65,"column":4},"end":{"line":69,"column":5}},{"start":{"line":67,"column":11},"end":{"line":69,"column":5}}],"line":65},"3":{"loc":{"start":{"line":65,"column":8},"end":{"line":65,"column":67}},"type":"binary-expr","locations":[{"start":{"line":65,"column":8},"end":{"line":65,"column":43}},{"start":{"line":65,"column":47},"end":{"line":65,"column":67}}],"line":65},"4":{"loc":{"start":{"line":71,"column":4},"end":{"line":75,"column":5}},"type":"if","locations":[{"start":{"line":71,"column":4},"end":{"line":75,"column":5}},{"start":{"line":73,"column":11},"end":{"line":75,"column":5}}],"line":71},"5":{"loc":{"start":{"line":71,"column":8},"end":{"line":71,"column":48}},"type":"binary-expr","locations":[{"start":{"line":71,"column":8},"end":{"line":71,"column":23}},{"start":{"line":71,"column":27},"end":{"line":71,"column":48}}],"line":71},"6":{"loc":{"start":{"line":77,"column":4},"end":{"line":81,"column":5}},"type":"if","locations":[{"start":{"line":77,"column":4},"end":{"line":81,"column":5}},{"start":{"line":79,"column":11},"end":{"line":81,"column":5}}],"line":77},"7":{"loc":{"start":{"line":77,"column":8},"end":{"line":77,"column":73}},"type":"binary-expr","locations":[{"start":{"line":77,"column":8},"end":{"line":77,"column":46}},{"start":{"line":77,"column":50},"end":{"line":77,"column":73}}],"line":77},"8":{"loc":{"start":{"line":83,"column":4},"end":{"line":87,"column":5}},"type":"if","locations":[{"start":{"line":83,"column":4},"end":{"line":87,"column":5}},{"start":{"line":85,"column":11},"end":{"line":87,"column":5}}],"line":83},"9":{"loc":{"start":{"line":83,"column":8},"end":{"line":83,"column":75}},"type":"binary-expr","locations":[{"start":{"line":83,"column":8},"end":{"line":83,"column":47}},{"start":{"line":83,"column":51},"end":{"line":83,"column":75}}],"line":83},"10":{"loc":{"start":{"line":89,"column":4},"end":{"line":93,"column":5}},"type":"if","locations":[{"start":{"line":89,"column":4},"end":{"line":93,"column":5}},{"start":{"line":91,"column":11},"end":{"line":93,"column":5}}],"line":89},"11":{"loc":{"start":{"line":95,"column":4},"end":{"line":99,"column":5}},"type":"if","locations":[{"start":{"line":95,"column":4},"end":{"line":99,"column":5}},{"start":{"line":97,"column":11},"end":{"line":99,"column":5}}],"line":95},"12":{"loc":{"start":{"line":95,"column":8},"end":{"line":95,"column":69}},"type":"binary-expr","locations":[{"start":{"line":95,"column":8},"end":{"line":95,"column":44}},{"start":{"line":95,"column":48},"end":{"line":95,"column":69}}],"line":95}},"s":{"0":1,"1":1,"2":1,"3":0,"4":0,"5":0,"6":0,"7":0,"8":0,"9":0,"10":0,"11":0,"12":0,"13":0,"14":0,"15":0,"16":1,"17":1,"18":1,"19":0,"20":0,"21":0,"22":0,"23":0,"24":0,"25":0,"26":0,"27":0,"28":0,"29":0,"30":0,"31":0,"32":0,"33":0,"34":0,"35":0,"36":0,"37":0,"38":1},"f":{"0":1,"1":0,"2":0,"3":0,"4":1},"b":{"0":[1,0],"1":[1,1],"2":[0,0],"3":[0,0],"4":[0,0],"5":[0,0],"6":[0,0],"7":[0,0],"8":[0,0],"9":[0,0],"10":[0,0],"11":[0,0],"12":[0,0]},"_coverageSchema":"1a1c01bbd47fc00a2c39e90264f33305004495a9","hash":"2d54ab60d48f0d8130aca15db3e594eb629e6517"}
}
