TN:
SF:src/helpers/apiHelper.js
FN:4,(anonymous_0)
FN:12,(anonymous_1)
FN:21,(anonymous_2)
FN:30,(anonymous_3)
FN:39,(anonymous_4)
FNF:5
FNH:0
FNDA:0,(anonymous_0)
FNDA:0,(anonymous_1)
FNDA:0,(anonymous_2)
FNDA:0,(anonymous_3)
FNDA:0,(anonymous_4)
DA:1,1
DA:5,0
DA:13,0
DA:14,0
DA:15,0
DA:17,0
DA:22,0
DA:23,0
DA:24,0
DA:26,0
DA:31,0
DA:32,0
DA:33,0
DA:35,0
DA:40,0
DA:41,0
DA:42,0
DA:44,0
DA:49,1
LF:19
LH:2
BRF:0
BRH:0
end_of_record
TN:
SF:src/providers/gitlab.js
FN:4,(anonymous_0)
FN:11,(anonymous_1)
FN:19,(anonymous_2)
FN:44,(anonymous_3)
FN:59,(anonymous_4)
FNF:5
FNH:2
FNDA:1,(anonymous_0)
FNDA:0,(anonymous_1)
FNDA:0,(anonymous_2)
FNDA:0,(anonymous_3)
FNDA:1,(anonymous_4)
DA:1,1
DA:5,1
DA:6,1
DA:7,0
DA:8,0
DA:12,0
DA:13,0
DA:15,0
DA:20,0
DA:33,0
DA:37,0
DA:38,0
DA:39,0
DA:40,0
DA:41,0
DA:45,0
DA:60,1
DA:62,1
DA:63,0
DA:65,0
DA:66,0
DA:68,0
DA:71,0
DA:72,0
DA:74,0
DA:77,0
DA:78,0
DA:80,0
DA:83,0
DA:84,0
DA:86,0
DA:89,0
DA:90,0
DA:92,0
DA:95,0
DA:96,0
DA:98,0
DA:103,1
LF:38
LH:6
BRDA:62,0,0,1
BRDA:62,0,1,0
BRDA:62,1,0,1
BRDA:62,1,1,1
BRDA:65,2,0,0
BRDA:65,2,1,0
BRDA:65,3,0,0
BRDA:65,3,1,0
BRDA:71,4,0,0
BRDA:71,4,1,0
BRDA:71,5,0,0
BRDA:71,5,1,0
BRDA:77,6,0,0
BRDA:77,6,1,0
BRDA:77,7,0,0
BRDA:77,7,1,0
BRDA:83,8,0,0
BRDA:83,8,1,0
BRDA:83,9,0,0
BRDA:83,9,1,0
BRDA:89,10,0,0
BRDA:89,10,1,0
BRDA:95,11,0,0
BRDA:95,11,1,0
BRDA:95,12,0,0
BRDA:95,12,1,0
BRF:26
BRH:3
end_of_record
